<?xml version="1.0" encoding="UTF-8"?>
<testng-results ignored="0" total="2" passed="2" failed="0" skipped="0">
  <reporter-output>
  </reporter-output>
  <suite started-at="2025-06-27T19:06:44 IST" name="ParallelTesting_Test" finished-at="2025-06-27T19:06:54 IST" duration-ms="9645">
    <groups>
    </groups>
    <test started-at="2025-06-27T19:06:44 IST" name="EdgeTest" finished-at="2025-06-27T19:06:53 IST" duration-ms="8922">
      <class name="testScript.ManageNewsTest">
        <test-method is-config="true" signature="bowserInitialization(java.lang.String)[pri:0, instance:testScript.ManageNewsTest@7586beff]" started-at="2025-06-27T19:06:44 IST" name="bowserInitialization" finished-at="2025-06-27T19:06:50 IST" duration-ms="6168" status="PASS">
          <params>
            <param index="0">
              <value>
                <![CDATA[chrome]]>
              </value>
            </param>
          </params>
          <reporter-output>
          </reporter-output>
        </test-method> <!-- bowserInitialization -->
        <test-method signature="addNews()[pri:0, instance:testScript.ManageNewsTest@7586beff]" started-at="2025-06-27T19:06:50 IST" name="addNews" finished-at="2025-06-27T19:06:53 IST" duration-ms="2708" status="PASS">
          <reporter-output>
          </reporter-output>
        </test-method> <!-- addNews -->
      </class> <!-- testScript.ManageNewsTest -->
    </test> <!-- EdgeTest -->
    <test started-at="2025-06-27T19:06:44 IST" name="ChromeTest" finished-at="2025-06-27T19:06:54 IST" duration-ms="9645">
      <class name="testScript.ManageNewsTest">
        <test-method is-config="true" signature="bowserInitialization(java.lang.String)[pri:0, instance:testScript.ManageNewsTest@3349e9bb]" started-at="2025-06-27T19:06:44 IST" name="bowserInitialization" finished-at="2025-06-27T19:06:52 IST" duration-ms="8015" status="PASS">
          <params>
            <param index="0">
              <value>
                <![CDATA[chrome]]>
              </value>
            </param>
          </params>
          <reporter-output>
          </reporter-output>
        </test-method> <!-- bowserInitialization -->
        <test-method signature="addNews()[pri:0, instance:testScript.ManageNewsTest@3349e9bb]" started-at="2025-06-27T19:06:52 IST" name="addNews" finished-at="2025-06-27T19:06:54 IST" duration-ms="1598" status="PASS">
          <reporter-output>
          </reporter-output>
        </test-method> <!-- addNews -->
      </class> <!-- testScript.ManageNewsTest -->
    </test> <!-- ChromeTest -->
  </suite> <!-- ParallelTesting_Test -->
</testng-results>
