<?xml version="1.0" encoding="UTF-8"?>
<testng-results ignored="0" total="2" passed="2" failed="0" skipped="0">
  <reporter-output>
  </reporter-output>
  <suite started-at="2025-07-05T11:12:51 IST" name="Suite" finished-at="2025-07-05T11:13:10 IST" duration-ms="18706">
    <groups>
    </groups>
    <test started-at="2025-07-05T11:12:51 IST" name="Test" finished-at="2025-07-05T11:13:10 IST" duration-ms="18706">
      <class name="testScript.AdminUserUpdateTest">
        <test-method is-config="true" signature="bowserInitialization(java.lang.String)[pri:0, instance:testScript.AdminUserUpdateTest@7ae0a9ec]" started-at="2025-07-05T11:12:51 IST" name="bowserInitialization" finished-at="2025-07-05T11:12:55 IST" duration-ms="4208" status="PASS">
          <params>
            <param index="0">
              <value>
                <![CDATA[chrome]]>
              </value>
            </param>
          </params>
          <reporter-output>
          </reporter-output>
        </test-method> <!-- bowserInitialization -->
        <test-method signature="isUpdateDisplayed()[pri:0, instance:testScript.AdminUserUpdateTest@7ae0a9ec]" started-at="2025-07-05T11:12:55 IST" name="isUpdateDisplayed" finished-at="2025-07-05T11:12:57 IST" duration-ms="2230" status="PASS">
          <reporter-output>
          </reporter-output>
        </test-method> <!-- isUpdateDisplayed -->
        <test-method is-config="true" signature="bowserInitialization(java.lang.String)[pri:0, instance:testScript.AdminUserUpdateTest@7ae0a9ec]" started-at="2025-07-05T11:12:57 IST" name="bowserInitialization" finished-at="2025-07-05T11:13:04 IST" duration-ms="6838" status="PASS">
          <params>
            <param index="0">
              <value>
                <![CDATA[chrome]]>
              </value>
            </param>
          </params>
          <reporter-output>
          </reporter-output>
        </test-method> <!-- bowserInitialization -->
        <test-method signature="updateAdmin()[pri:0, instance:testScript.AdminUserUpdateTest@7ae0a9ec]" started-at="2025-07-05T11:13:04 IST" name="updateAdmin" finished-at="2025-07-05T11:13:10 IST" duration-ms="5362" status="PASS">
          <reporter-output>
          </reporter-output>
        </test-method> <!-- updateAdmin -->
      </class> <!-- testScript.AdminUserUpdateTest -->
    </test> <!-- Test -->
  </suite> <!-- Suite -->
</testng-results>
