<?xml version="1.0" encoding="UTF-8"?>
<!-- Generated by org.testng.reporters.JUnitXMLReporter -->
<testsuite ignored="2" hostname="DESKTOP-O90M1PQ" failures="0" tests="2" name="chromeTest" time="7.864" errors="0" timestamp="2025-06-27T19:06:29 IST">
  <testcase classname="testScript.LoginTest" name="verifyAlertMessageIsComingOnGivingInvalidPassword" time="1.098"/>
  <testcase classname="testScript.LoginTest" name="verifyTheUserIsAbleToLoginUsingValidCredentials" time="0.631"/>
  <testcase classname="testScript.LoginTest" name="verifyAlertMessageIsComingOnGivingInvalidCredentials" time="0.0">
    <ignored/>
  </testcase> <!-- verifyAlertMessageIsComingOnGivingInvalidCredentials -->
  <testcase classname="testScript.LoginTest" name="verifyAlertMessageIsComingOnGivingInvalidUsername" time="0.0">
    <ignored/>
  </testcase> <!-- verifyAlertMessageIsComingOnGivingInvalidUsername -->
</testsuite> <!-- chromeTest -->
