<?xml version="1.0" encoding="UTF-8"?>
<!-- Generated by org.testng.reporters.JUnitXMLReporter -->
<testsuite ignored="0" hostname="DESKTOP-O90M1PQ" failures="0" tests="6" name="Test" time="48.782" errors="0" timestamp="2025-07-02T21:14:54 IST">
  <testcase classname="testScript.LoginTest" name="verifyAlertMessageIsComingOnGivingInvalidCredentials" time="1.634"/>
  <testcase classname="testScript.LoginTest" name="verifyAlertMessageIsComingOnGivingInvalidCredentials" time="0.771"/>
  <testcase classname="testScript.LoginTest" name="verifyAlertMessageIsComingOnGivingInvalidCredentials" time="1.023"/>
  <testcase classname="testScript.LoginTest" name="verifyAlertMessageIsComingOnGivingInvalidPassword" time="3.209"/>
  <testcase classname="testScript.LoginTest" name="verifyAlertMessageIsComingOnGivingInvalidUsername" time="1.615"/>
  <testcase classname="testScript.LoginTest" name="verifyTheUserIsAbleToLoginUsingValidCredentials" time="1.275"/>
</testsuite> <!-- Test -->
