<?xml version="1.0" encoding="UTF-8"?>
<!-- Generated by org.testng.reporters.JUnitXMLReporter -->
<testsuite ignored="1" hostname="DESKTOP-O90M1PQ" failures="0" tests="1" name="Default test" time="7.595" errors="0" timestamp="2025-06-25T21:56:47 IST">
  <testcase classname="testScript.ManageNewsUpdateTest" name="updateNews" time="2.472"/>
  <testcase classname="testScript.ManageNewsUpdateTest" name="isUpdateDisplayed" time="0.0">
    <ignored/>
  </testcase> <!-- isUpdateDisplayed -->
</testsuite> <!-- Default test -->
