<?xml version="1.0" encoding="UTF-8"?>
<!-- Generated by org.testng.reporters.JUnitXMLReporter -->
<testsuite ignored="3" hostname="DESKTOP-O90M1PQ" failures="0" tests="1" name="Default test" time="7.487" errors="0" timestamp="2025-06-26T22:40:31 IST">
  <testcase classname="testScript.LoginTest" name="verifyAlertMessageIsComingOnGivingInvalidUsername" time="3.081"/>
  <testcase classname="testScript.LoginTest" name="verifyAlertMessageIsComingOnGivingInvalidPassword" time="0.0">
    <ignored/>
  </testcase> <!-- verifyAlertMessageIsComingOnGivingInvalidPassword -->
  <testcase classname="testScript.LoginTest" name="verifyAlertMessageIsComingOnGivingInvalidCredentials" time="0.0">
    <ignored/>
  </testcase> <!-- verifyAlertMessageIsComingOnGivingInvalidCredentials -->
  <testcase classname="testScript.LoginTest" name="verifyTheUserIsAbleToLoginUsingValidCredentials" time="0.0">
    <ignored/>
  </testcase> <!-- verifyTheUserIsAbleToLoginUsingValidCredentials -->
</testsuite> <!-- Default test -->
